<?xml version="1.0" encoding="UTF-8"?>
<testsuite xmlns:xsi="http://www.w3.org/2001/XMLSchema-instance" xsi:noNamespaceSchemaLocation="https://maven.apache.org/surefire/maven-surefire-plugin/xsd/surefire-test-report.xsd" name="AppTest" time="1.695" tests="1" errors="0" skipped="0" failures="0">
  <properties>
    <property name="java.specification.version" value="14"/>
    <property name="sun.jnu.encoding" value="UTF-8"/>
    <property name="java.class.path" value="/home/luis/repos/IS/practica/target/test-classes:/home/luis/repos/IS/practica/target/classes:/home/luis/.m2/repository/org/testng/testng/7.3.0/testng-7.3.0.jar:/home/luis/.m2/repository/com/beust/jcommander/1.78/jcommander-1.78.jar:/home/luis/.m2/repository/org/apache/ant/ant/1.10.3/ant-1.10.3.jar:/home/luis/.m2/repository/org/apache/ant/ant-launcher/1.10.3/ant-launcher-1.10.3.jar:/home/luis/.m2/repository/junit/junit/4.12/junit-4.12.jar:/home/luis/.m2/repository/org/hamcrest/hamcrest-core/1.3/hamcrest-core-1.3.jar:/home/luis/.m2/repository/com/google/inject/guice/4.2.2/guice-4.2.2-no_aop.jar:/home/luis/.m2/repository/javax/inject/javax.inject/1/javax.inject-1.jar:/home/luis/.m2/repository/aopalliance/aopalliance/1.0/aopalliance-1.0.jar:/home/luis/.m2/repository/com/google/guava/guava/25.1-android/guava-25.1-android.jar:/home/luis/.m2/repository/com/google/code/findbugs/jsr305/3.0.2/jsr305-3.0.2.jar:/home/luis/.m2/repository/org/checkerframework/checker-compat-qual/2.0.0/checker-compat-qual-2.0.0.jar:/home/luis/.m2/repository/com/google/errorprone/error_prone_annotations/2.1.3/error_prone_annotations-2.1.3.jar:/home/luis/.m2/repository/com/google/j2objc/j2objc-annotations/1.1/j2objc-annotations-1.1.jar:/home/luis/.m2/repository/org/codehaus/mojo/animal-sniffer-annotations/1.14/animal-sniffer-annotations-1.14.jar:/home/luis/.m2/repository/org/yaml/snakeyaml/1.21/snakeyaml-1.21.jar:/home/luis/.m2/repository/org/json/json/20210307/json-20210307.jar:/home/luis/.m2/repository/org/slf4j/slf4j-api/1.6.6/slf4j-api-1.6.6.jar:"/>
    <property name="java.vm.vendor" value="Private Build"/>
    <property name="sun.arch.data.model" value="64"/>
    <property name="java.vendor.url" value="Unknown"/>
    <property name="os.name" value="Linux"/>
    <property name="java.vm.specification.version" value="14"/>
    <property name="sun.java.launcher" value="SUN_STANDARD"/>
    <property name="user.country" value="US"/>
    <property name="sun.boot.library.path" value="/usr/lib/jvm/java-14-openjdk-amd64/lib"/>
    <property name="sun.java.command" value="/home/luis/repos/IS/practica/target/surefire/surefirebooter14888943354590523384.jar /home/luis/repos/IS/practica/target/surefire 2021-06-05T14-51-58_924-jvmRun1 surefire3986535582027134675tmp surefire_05665556728528453071tmp"/>
    <property name="jdk.debug" value="release"/>
    <property name="surefire.test.class.path" value="/home/luis/repos/IS/practica/target/test-classes:/home/luis/repos/IS/practica/target/classes:/home/luis/.m2/repository/org/testng/testng/7.3.0/testng-7.3.0.jar:/home/luis/.m2/repository/com/beust/jcommander/1.78/jcommander-1.78.jar:/home/luis/.m2/repository/org/apache/ant/ant/1.10.3/ant-1.10.3.jar:/home/luis/.m2/repository/org/apache/ant/ant-launcher/1.10.3/ant-launcher-1.10.3.jar:/home/luis/.m2/repository/junit/junit/4.12/junit-4.12.jar:/home/luis/.m2/repository/org/hamcrest/hamcrest-core/1.3/hamcrest-core-1.3.jar:/home/luis/.m2/repository/com/google/inject/guice/4.2.2/guice-4.2.2-no_aop.jar:/home/luis/.m2/repository/javax/inject/javax.inject/1/javax.inject-1.jar:/home/luis/.m2/repository/aopalliance/aopalliance/1.0/aopalliance-1.0.jar:/home/luis/.m2/repository/com/google/guava/guava/25.1-android/guava-25.1-android.jar:/home/luis/.m2/repository/com/google/code/findbugs/jsr305/3.0.2/jsr305-3.0.2.jar:/home/luis/.m2/repository/org/checkerframework/checker-compat-qual/2.0.0/checker-compat-qual-2.0.0.jar:/home/luis/.m2/repository/com/google/errorprone/error_prone_annotations/2.1.3/error_prone_annotations-2.1.3.jar:/home/luis/.m2/repository/com/google/j2objc/j2objc-annotations/1.1/j2objc-annotations-1.1.jar:/home/luis/.m2/repository/org/codehaus/mojo/animal-sniffer-annotations/1.14/animal-sniffer-annotations-1.14.jar:/home/luis/.m2/repository/org/yaml/snakeyaml/1.21/snakeyaml-1.21.jar:/home/luis/.m2/repository/org/json/json/20210307/json-20210307.jar:/home/luis/.m2/repository/org/slf4j/slf4j-api/1.6.6/slf4j-api-1.6.6.jar:"/>
    <property name="sun.cpu.endian" value="little"/>
    <property name="user.home" value="/home/luis"/>
    <property name="user.language" value="en"/>
    <property name="java.specification.vendor" value="Oracle Corporation"/>
    <property name="java.version.date" value="2020-07-14"/>
    <property name="java.home" value="/usr/lib/jvm/java-14-openjdk-amd64"/>
    <property name="file.separator" value="/"/>
    <property name="basedir" value="/home/luis/repos/IS/practica"/>
    <property name="java.vm.compressedOopsMode" value="Zero based"/>
    <property name="line.separator" value="&#10;"/>
    <property name="java.vm.specification.vendor" value="Oracle Corporation"/>
    <property name="java.specification.name" value="Java Platform API Specification"/>
    <property name="surefire.real.class.path" value="/home/luis/repos/IS/practica/target/surefire/surefirebooter14888943354590523384.jar"/>
    <property name="sun.management.compiler" value="HotSpot 64-Bit Tiered Compilers"/>
    <property name="java.runtime.version" value="14.0.2+12-Ubuntu-120.04"/>
    <property name="user.name" value="luis"/>
    <property name="path.separator" value=":"/>
    <property name="os.version" value="5.8.0-55-generic"/>
    <property name="java.runtime.name" value="OpenJDK Runtime Environment"/>
    <property name="file.encoding" value="UTF-8"/>
    <property name="java.vm.name" value="OpenJDK 64-Bit Server VM"/>
    <property name="localRepository" value="/home/luis/.m2/repository"/>
    <property name="java.vendor.url.bug" value="Unknown"/>
    <property name="java.io.tmpdir" value="/tmp"/>
    <property name="java.version" value="14.0.2"/>
    <property name="user.dir" value="/home/luis/repos/IS/practica"/>
    <property name="os.arch" value="amd64"/>
    <property name="java.vm.specification.name" value="Java Virtual Machine Specification"/>
    <property name="java.library.path" value="/usr/java/packages/lib:/usr/lib/x86_64-linux-gnu/jni:/lib/x86_64-linux-gnu:/usr/lib/x86_64-linux-gnu:/usr/lib/jni:/lib:/usr/lib"/>
    <property name="java.vm.info" value="mixed mode, sharing"/>
    <property name="java.vendor" value="Private Build"/>
    <property name="java.vm.version" value="14.0.2+12-Ubuntu-120.04"/>
    <property name="sun.io.unicode.encoding" value="UnicodeLittle"/>
    <property name="java.class.version" value="58.0"/>
  </properties>
  <testcase name="test1" classname="AppTest" time="0.012"/>
</testsuite>