<?xml version="1.0" encoding="UTF-8"?>
<!-- Generated by org.testng.reporters.JUnitReportReporter -->
<testsuite hostname="luis-PC" failures="0" tests="1" name="AppTest" time="0.012" errors="0" timestamp="2021-06-05T14:52:01 PET" skipped="0">
  <testcase classname="AppTest" name="test1" time="0.012"/>
  <system-out/>
</testsuite> <!-- AppTest -->
